<?xml version="1.0" encoding="UTF-8"?>
<testng-results total="1" passed="1" failed="0" skipped="0">
  <reporter-output>
  </reporter-output>
  <suite started-at="2021-05-02T10:29:28Z" name="Default suite" finished-at="2021-05-02T10:29:33Z" duration-ms="5019">
    <groups>
    </groups>
    <test started-at="2021-05-02T10:29:28Z" name="Default test" finished-at="2021-05-02T10:29:33Z" duration-ms="5019">
      <class name="Demo.loginTest">
        <test-method is-config="true" signature="initilizeBrowser()[pri:0, instance:Demo.loginTest@4f80542f]" started-at="2021-05-02T15:59:20Z" name="initilizeBrowser" finished-at="2021-05-02T15:59:28Z" duration-ms="7633" status="PASS">
          <reporter-output>
          </reporter-output>
        </test-method> <!-- initilizeBrowser -->
        <test-method signature="logintest()[pri:0, instance:Demo.loginTest@4f80542f]" started-at="2021-05-02T15:59:28Z" name="logintest" finished-at="2021-05-02T15:59:33Z" duration-ms="4973" status="PASS">
          <reporter-output>
          </reporter-output>
        </test-method> <!-- logintest -->
        <test-method is-config="true" signature="testcaseresult(org.testng.ITestResult)[pri:0, instance:Demo.loginTest@4f80542f]" started-at="2021-05-02T15:59:33Z" name="testcaseresult" finished-at="2021-05-02T15:59:33Z" duration-ms="2" status="PASS">
          <params>
            <param index="0">
              <value>
                <![CDATA[[TestResult name=logintest status=SUCCESS method=loginTest.logintest()[pri:0, instance:Demo.loginTest@4f80542f] output={null}]]]>
              </value>
            </param>
          </params>
          <reporter-output>
          </reporter-output>
        </test-method> <!-- testcaseresult -->
        <test-method is-config="true" signature="closeDriver()[pri:0, instance:Demo.loginTest@4f80542f]" started-at="2021-05-02T15:59:33Z" name="closeDriver" finished-at="2021-05-02T15:59:33Z" duration-ms="164" status="PASS">
          <reporter-output>
          </reporter-output>
        </test-method> <!-- closeDriver -->
      </class> <!-- Demo.loginTest -->
    </test> <!-- Default test -->
  </suite> <!-- Default suite -->
</testng-results>
